{"D:\\My_learning\\Exaltt3\\college-review-backend\\src\\app.js": {"path":"D:\\My_learning\\Exaltt3\\college-review-backend\\src\\app.js","statementMap":{"0":{"start":{"line":10,"column":12},"end":{"line":10,"column":21}},"1":{"start":{"line":13,"column":0},"end":{"line":13,"column":18}},"2":{"start":{"line":14,"column":0},"end":{"line":14,"column":16}},"3":{"start":{"line":15,"column":0},"end":{"line":15,"column":24}},"4":{"start":{"line":16,"column":0},"end":{"line":16,"column":23}},"5":{"start":{"line":19,"column":0},"end":{"line":19,"column":33}},"6":{"start":{"line":20,"column":0},"end":{"line":20,"column":40}},"7":{"start":{"line":21,"column":0},"end":{"line":21,"column":38}},"8":{"start":{"line":24,"column":0},"end":{"line":24,"column":18}},"9":{"start":{"line":25,"column":0},"end":{"line":25,"column":22}}},"fnMap":{},"branchMap":{},"s":{"0":2,"1":2,"2":2,"3":2,"4":2,"5":2,"6":2,"7":2,"8":2,"9":2},"f":{},"b":{},"inputSourceMap":null,"_coverageSchema":"1a1c01bbd47fc00a2c39e90264f33305004495a9","hash":"61b5317ca5af5d5bf0d26d9cabef4ea9bf16cc64"}
,"D:\\My_learning\\Exaltt3\\college-review-backend\\src\\controllers\\authController.js": {"path":"D:\\My_learning\\Exaltt3\\college-review-backend\\src\\controllers\\authController.js","statementMap":{"0":{"start":{"line":7,"column":23},"end":{"line":12,"column":2}},"1":{"start":{"line":14,"column":20},"end":{"line":17,"column":2}},"2":{"start":{"line":20,"column":28},"end":{"line":45,"column":1}},"3":{"start":{"line":21,"column":2},"end":{"line":44,"column":3}},"4":{"start":{"line":22,"column":22},"end":{"line":22,"column":55}},"5":{"start":{"line":23,"column":4},"end":{"line":23,"column":80}},"6":{"start":{"line":23,"column":15},"end":{"line":23,"column":80}},"7":{"start":{"line":25,"column":44},"end":{"line":25,"column":52}},"8":{"start":{"line":27,"column":25},"end":{"line":27,"column":54}},"9":{"start":{"line":28,"column":4},"end":{"line":28,"column":85}},"10":{"start":{"line":28,"column":22},"end":{"line":28,"column":85}},"11":{"start":{"line":31,"column":17},"end":{"line":31,"column":58}},"12":{"start":{"line":32,"column":4},"end":{"line":32,"column":22}},"13":{"start":{"line":34,"column":18},"end":{"line":34,"column":42}},"14":{"start":{"line":36,"column":4},"end":{"line":40,"column":7}},"15":{"start":{"line":42,"column":4},"end":{"line":42,"column":46}},"16":{"start":{"line":43,"column":4},"end":{"line":43,"column":72}},"17":{"start":{"line":48,"column":25},"end":{"line":73,"column":1}},"18":{"start":{"line":49,"column":2},"end":{"line":72,"column":3}},"19":{"start":{"line":50,"column":22},"end":{"line":50,"column":52}},"20":{"start":{"line":51,"column":4},"end":{"line":51,"column":80}},"21":{"start":{"line":51,"column":15},"end":{"line":51,"column":80}},"22":{"start":{"line":53,"column":32},"end":{"line":53,"column":40}},"23":{"start":{"line":55,"column":17},"end":{"line":55,"column":66}},"24":{"start":{"line":56,"column":4},"end":{"line":56,"column":77}},"25":{"start":{"line":56,"column":15},"end":{"line":56,"column":77}},"26":{"start":{"line":59,"column":20},"end":{"line":59,"column":65}},"27":{"start":{"line":60,"column":4},"end":{"line":60,"column":80}},"28":{"start":{"line":60,"column":18},"end":{"line":60,"column":80}},"29":{"start":{"line":62,"column":18},"end":{"line":62,"column":42}},"30":{"start":{"line":64,"column":4},"end":{"line":68,"column":7}},"31":{"start":{"line":70,"column":4},"end":{"line":70,"column":39}},"32":{"start":{"line":71,"column":4},"end":{"line":71,"column":65}}},"fnMap":{"0":{"name":"(anonymous_0)","decl":{"start":{"line":20,"column":28},"end":{"line":20,"column":29}},"loc":{"start":{"line":20,"column":48},"end":{"line":45,"column":1}},"line":20},"1":{"name":"(anonymous_1)","decl":{"start":{"line":48,"column":25},"end":{"line":48,"column":26}},"loc":{"start":{"line":48,"column":45},"end":{"line":73,"column":1}},"line":48}},"branchMap":{"0":{"loc":{"start":{"line":23,"column":4},"end":{"line":23,"column":80}},"type":"if","locations":[{"start":{"line":23,"column":4},"end":{"line":23,"column":80}},{"start":{},"end":{}}],"line":23},"1":{"loc":{"start":{"line":28,"column":4},"end":{"line":28,"column":85}},"type":"if","locations":[{"start":{"line":28,"column":4},"end":{"line":28,"column":85}},{"start":{},"end":{}}],"line":28},"2":{"loc":{"start":{"line":51,"column":4},"end":{"line":51,"column":80}},"type":"if","locations":[{"start":{"line":51,"column":4},"end":{"line":51,"column":80}},{"start":{},"end":{}}],"line":51},"3":{"loc":{"start":{"line":56,"column":4},"end":{"line":56,"column":77}},"type":"if","locations":[{"start":{"line":56,"column":4},"end":{"line":56,"column":77}},{"start":{},"end":{}}],"line":56},"4":{"loc":{"start":{"line":60,"column":4},"end":{"line":60,"column":80}},"type":"if","locations":[{"start":{"line":60,"column":4},"end":{"line":60,"column":80}},{"start":{},"end":{}}],"line":60}},"s":{"0":2,"1":2,"2":2,"3":2,"4":2,"5":2,"6":0,"7":2,"8":2,"9":2,"10":0,"11":2,"12":2,"13":2,"14":2,"15":0,"16":0,"17":2,"18":1,"19":1,"20":1,"21":0,"22":1,"23":1,"24":1,"25":0,"26":1,"27":1,"28":0,"29":1,"30":1,"31":0,"32":0},"f":{"0":2,"1":1},"b":{"0":[0,2],"1":[0,2],"2":[0,1],"3":[0,1],"4":[0,1]},"inputSourceMap":null,"_coverageSchema":"1a1c01bbd47fc00a2c39e90264f33305004495a9","hash":"58e998e4e3931df96ff7d48c7146b4dcea11616f"}
,"D:\\My_learning\\Exaltt3\\college-review-backend\\src\\controllers\\collegeController.js": {"path":"D:\\My_learning\\Exaltt3\\college-review-backend\\src\\controllers\\collegeController.js","statementMap":{"0":{"start":{"line":6,"column":22},"end":{"line":10,"column":2}},"1":{"start":{"line":13,"column":29},"end":{"line":23,"column":1}},"2":{"start":{"line":14,"column":20},"end":{"line":14,"column":52}},"3":{"start":{"line":15,"column":2},"end":{"line":15,"column":78}},"4":{"start":{"line":15,"column":13},"end":{"line":15,"column":78}},"5":{"start":{"line":17,"column":42},"end":{"line":17,"column":50}},"6":{"start":{"line":18,"column":19},"end":{"line":18,"column":50}},"7":{"start":{"line":19,"column":2},"end":{"line":19,"column":81}},"8":{"start":{"line":19,"column":16},"end":{"line":19,"column":81}},"9":{"start":{"line":21,"column":18},"end":{"line":21,"column":71}},"10":{"start":{"line":22,"column":2},"end":{"line":22,"column":77}},"11":{"start":{"line":26,"column":30},"end":{"line":29,"column":1}},"12":{"start":{"line":27,"column":19},"end":{"line":27,"column":67}},"13":{"start":{"line":28,"column":2},"end":{"line":28,"column":61}},"14":{"start":{"line":32,"column":30},"end":{"line":36,"column":1}},"15":{"start":{"line":33,"column":18},"end":{"line":33,"column":55}},"16":{"start":{"line":34,"column":2},"end":{"line":34,"column":76}},"17":{"start":{"line":34,"column":16},"end":{"line":34,"column":76}},"18":{"start":{"line":35,"column":2},"end":{"line":35,"column":32}},"19":{"start":{"line":39,"column":29},"end":{"line":50,"column":1}},"20":{"start":{"line":40,"column":20},"end":{"line":40,"column":52}},"21":{"start":{"line":41,"column":2},"end":{"line":41,"column":78}},"22":{"start":{"line":41,"column":13},"end":{"line":41,"column":78}},"23":{"start":{"line":43,"column":18},"end":{"line":46,"column":4}},"24":{"start":{"line":48,"column":2},"end":{"line":48,"column":76}},"25":{"start":{"line":48,"column":16},"end":{"line":48,"column":76}},"26":{"start":{"line":49,"column":2},"end":{"line":49,"column":77}},"27":{"start":{"line":53,"column":29},"end":{"line":61,"column":1}},"28":{"start":{"line":54,"column":18},"end":{"line":54,"column":55}},"29":{"start":{"line":55,"column":2},"end":{"line":55,"column":76}},"30":{"start":{"line":55,"column":16},"end":{"line":55,"column":76}},"31":{"start":{"line":57,"column":2},"end":{"line":57,"column":52}},"32":{"start":{"line":58,"column":2},"end":{"line":58,"column":28}},"33":{"start":{"line":60,"column":2},"end":{"line":60,"column":68}},"34":{"start":{"line":64,"column":34},"end":{"line":84,"column":1}},"35":{"start":{"line":65,"column":16},"end":{"line":74,"column":4}},"36":{"start":{"line":76,"column":2},"end":{"line":83,"column":3}},"37":{"start":{"line":77,"column":4},"end":{"line":80,"column":7}},"38":{"start":{"line":82,"column":4},"end":{"line":82,"column":85}}},"fnMap":{"0":{"name":"(anonymous_0)","decl":{"start":{"line":13,"column":29},"end":{"line":13,"column":30}},"loc":{"start":{"line":13,"column":49},"end":{"line":23,"column":1}},"line":13},"1":{"name":"(anonymous_1)","decl":{"start":{"line":26,"column":30},"end":{"line":26,"column":31}},"loc":{"start":{"line":26,"column":50},"end":{"line":29,"column":1}},"line":26},"2":{"name":"(anonymous_2)","decl":{"start":{"line":32,"column":30},"end":{"line":32,"column":31}},"loc":{"start":{"line":32,"column":50},"end":{"line":36,"column":1}},"line":32},"3":{"name":"(anonymous_3)","decl":{"start":{"line":39,"column":29},"end":{"line":39,"column":30}},"loc":{"start":{"line":39,"column":49},"end":{"line":50,"column":1}},"line":39},"4":{"name":"(anonymous_4)","decl":{"start":{"line":53,"column":29},"end":{"line":53,"column":30}},"loc":{"start":{"line":53,"column":49},"end":{"line":61,"column":1}},"line":53},"5":{"name":"(anonymous_5)","decl":{"start":{"line":64,"column":34},"end":{"line":64,"column":35}},"loc":{"start":{"line":64,"column":55},"end":{"line":84,"column":1}},"line":64}},"branchMap":{"0":{"loc":{"start":{"line":15,"column":2},"end":{"line":15,"column":78}},"type":"if","locations":[{"start":{"line":15,"column":2},"end":{"line":15,"column":78}},{"start":{},"end":{}}],"line":15},"1":{"loc":{"start":{"line":19,"column":2},"end":{"line":19,"column":81}},"type":"if","locations":[{"start":{"line":19,"column":2},"end":{"line":19,"column":81}},{"start":{},"end":{}}],"line":19},"2":{"loc":{"start":{"line":34,"column":2},"end":{"line":34,"column":76}},"type":"if","locations":[{"start":{"line":34,"column":2},"end":{"line":34,"column":76}},{"start":{},"end":{}}],"line":34},"3":{"loc":{"start":{"line":41,"column":2},"end":{"line":41,"column":78}},"type":"if","locations":[{"start":{"line":41,"column":2},"end":{"line":41,"column":78}},{"start":{},"end":{}}],"line":41},"4":{"loc":{"start":{"line":48,"column":2},"end":{"line":48,"column":76}},"type":"if","locations":[{"start":{"line":48,"column":2},"end":{"line":48,"column":76}},{"start":{},"end":{}}],"line":48},"5":{"loc":{"start":{"line":55,"column":2},"end":{"line":55,"column":76}},"type":"if","locations":[{"start":{"line":55,"column":2},"end":{"line":55,"column":76}},{"start":{},"end":{}}],"line":55},"6":{"loc":{"start":{"line":76,"column":2},"end":{"line":83,"column":3}},"type":"if","locations":[{"start":{"line":76,"column":2},"end":{"line":83,"column":3}},{"start":{"line":81,"column":9},"end":{"line":83,"column":3}}],"line":76}},"s":{"0":2,"1":2,"2":0,"3":0,"4":0,"5":0,"6":0,"7":0,"8":0,"9":0,"10":0,"11":2,"12":0,"13":0,"14":2,"15":0,"16":0,"17":0,"18":0,"19":2,"20":0,"21":0,"22":0,"23":0,"24":0,"25":0,"26":0,"27":2,"28":0,"29":0,"30":0,"31":0,"32":0,"33":0,"34":2,"35":3,"36":3,"37":1,"38":2},"f":{"0":0,"1":0,"2":0,"3":0,"4":0,"5":3},"b":{"0":[0,0],"1":[0,0],"2":[0,0],"3":[0,0],"4":[0,0],"5":[0,0],"6":[1,2]},"inputSourceMap":null,"_coverageSchema":"1a1c01bbd47fc00a2c39e90264f33305004495a9","hash":"55c96be578afc4f875c08c2b5919dbeaf34f11f6"}
,"D:\\My_learning\\Exaltt3\\college-review-backend\\src\\controllers\\reviewController.js": {"path":"D:\\My_learning\\Exaltt3\\college-review-backend\\src\\controllers\\reviewController.js","statementMap":{"0":{"start":{"line":6,"column":21},"end":{"line":11,"column":2}},"1":{"start":{"line":14,"column":28},"end":{"line":34,"column":1}},"2":{"start":{"line":15,"column":20},"end":{"line":15,"column":51}},"3":{"start":{"line":16,"column":2},"end":{"line":16,"column":78}},"4":{"start":{"line":16,"column":13},"end":{"line":16,"column":78}},"5":{"start":{"line":18,"column":48},"end":{"line":18,"column":56}},"6":{"start":{"line":20,"column":18},"end":{"line":20,"column":51}},"7":{"start":{"line":21,"column":2},"end":{"line":21,"column":76}},"8":{"start":{"line":21,"column":16},"end":{"line":21,"column":76}},"9":{"start":{"line":23,"column":17},"end":{"line":29,"column":4}},"10":{"start":{"line":31,"column":2},"end":{"line":31,"column":38}},"11":{"start":{"line":33,"column":2},"end":{"line":33,"column":73}},"12":{"start":{"line":37,"column":29},"end":{"line":57,"column":1}},"13":{"start":{"line":38,"column":47},"end":{"line":38,"column":56}},"14":{"start":{"line":39,"column":16},"end":{"line":41,"column":8}},"15":{"start":{"line":43,"column":16},"end":{"line":43,"column":50}},"16":{"start":{"line":44,"column":18},"end":{"line":49,"column":25}},"17":{"start":{"line":51,"column":2},"end":{"line":56,"column":5}},"18":{"start":{"line":60,"column":35},"end":{"line":66,"column":1}},"19":{"start":{"line":61,"column":18},"end":{"line":63,"column":28}},"20":{"start":{"line":65,"column":2},"end":{"line":65,"column":59}},"21":{"start":{"line":69,"column":28},"end":{"line":86,"column":1}},"22":{"start":{"line":70,"column":17},"end":{"line":70,"column":53}},"23":{"start":{"line":71,"column":2},"end":{"line":71,"column":74}},"24":{"start":{"line":71,"column":15},"end":{"line":71,"column":74}},"25":{"start":{"line":73,"column":2},"end":{"line":75,"column":3}},"26":{"start":{"line":74,"column":4},"end":{"line":74,"column":83}},"27":{"start":{"line":77,"column":37},"end":{"line":77,"column":45}},"28":{"start":{"line":78,"column":2},"end":{"line":78,"column":34}},"29":{"start":{"line":78,"column":13},"end":{"line":78,"column":34}},"30":{"start":{"line":79,"column":2},"end":{"line":79,"column":40}},"31":{"start":{"line":79,"column":15},"end":{"line":79,"column":40}},"32":{"start":{"line":80,"column":2},"end":{"line":80,"column":37}},"33":{"start":{"line":80,"column":14},"end":{"line":80,"column":37}},"34":{"start":{"line":82,"column":2},"end":{"line":82,"column":22}},"35":{"start":{"line":83,"column":2},"end":{"line":83,"column":43}},"36":{"start":{"line":85,"column":2},"end":{"line":85,"column":75}},"37":{"start":{"line":89,"column":28},"end":{"line":101,"column":1}},"38":{"start":{"line":90,"column":17},"end":{"line":90,"column":53}},"39":{"start":{"line":91,"column":2},"end":{"line":91,"column":74}},"40":{"start":{"line":91,"column":15},"end":{"line":91,"column":74}},"41":{"start":{"line":93,"column":2},"end":{"line":95,"column":3}},"42":{"start":{"line":94,"column":4},"end":{"line":94,"column":83}},"43":{"start":{"line":97,"column":2},"end":{"line":97,"column":27}},"44":{"start":{"line":98,"column":2},"end":{"line":98,"column":43}},"45":{"start":{"line":100,"column":2},"end":{"line":100,"column":67}}},"fnMap":{"0":{"name":"(anonymous_0)","decl":{"start":{"line":14,"column":28},"end":{"line":14,"column":29}},"loc":{"start":{"line":14,"column":48},"end":{"line":34,"column":1}},"line":14},"1":{"name":"(anonymous_1)","decl":{"start":{"line":37,"column":29},"end":{"line":37,"column":30}},"loc":{"start":{"line":37,"column":49},"end":{"line":57,"column":1}},"line":37},"2":{"name":"(anonymous_2)","decl":{"start":{"line":60,"column":35},"end":{"line":60,"column":36}},"loc":{"start":{"line":60,"column":55},"end":{"line":66,"column":1}},"line":60},"3":{"name":"(anonymous_3)","decl":{"start":{"line":69,"column":28},"end":{"line":69,"column":29}},"loc":{"start":{"line":69,"column":48},"end":{"line":86,"column":1}},"line":69},"4":{"name":"(anonymous_4)","decl":{"start":{"line":89,"column":28},"end":{"line":89,"column":29}},"loc":{"start":{"line":89,"column":48},"end":{"line":101,"column":1}},"line":89}},"branchMap":{"0":{"loc":{"start":{"line":16,"column":2},"end":{"line":16,"column":78}},"type":"if","locations":[{"start":{"line":16,"column":2},"end":{"line":16,"column":78}},{"start":{},"end":{}}],"line":16},"1":{"loc":{"start":{"line":21,"column":2},"end":{"line":21,"column":76}},"type":"if","locations":[{"start":{"line":21,"column":2},"end":{"line":21,"column":76}},{"start":{},"end":{}}],"line":21},"2":{"loc":{"start":{"line":38,"column":10},"end":{"line":38,"column":18}},"type":"default-arg","locations":[{"start":{"line":38,"column":17},"end":{"line":38,"column":18}}],"line":38},"3":{"loc":{"start":{"line":38,"column":20},"end":{"line":38,"column":29}},"type":"default-arg","locations":[{"start":{"line":38,"column":28},"end":{"line":38,"column":29}}],"line":38},"4":{"loc":{"start":{"line":38,"column":31},"end":{"line":38,"column":42}},"type":"default-arg","locations":[{"start":{"line":38,"column":40},"end":{"line":38,"column":42}}],"line":38},"5":{"loc":{"start":{"line":39,"column":16},"end":{"line":41,"column":8}},"type":"cond-expr","locations":[{"start":{"line":40,"column":6},"end":{"line":40,"column":50}},{"start":{"line":41,"column":6},"end":{"line":41,"column":8}}],"line":39},"6":{"loc":{"start":{"line":71,"column":2},"end":{"line":71,"column":74}},"type":"if","locations":[{"start":{"line":71,"column":2},"end":{"line":71,"column":74}},{"start":{},"end":{}}],"line":71},"7":{"loc":{"start":{"line":73,"column":2},"end":{"line":75,"column":3}},"type":"if","locations":[{"start":{"line":73,"column":2},"end":{"line":75,"column":3}},{"start":{},"end":{}}],"line":73},"8":{"loc":{"start":{"line":73,"column":6},"end":{"line":73,"column":85}},"type":"binary-expr","locations":[{"start":{"line":73,"column":6},"end":{"line":73,"column":56}},{"start":{"line":73,"column":60},"end":{"line":73,"column":85}}],"line":73},"9":{"loc":{"start":{"line":78,"column":2},"end":{"line":78,"column":34}},"type":"if","locations":[{"start":{"line":78,"column":2},"end":{"line":78,"column":34}},{"start":{},"end":{}}],"line":78},"10":{"loc":{"start":{"line":79,"column":2},"end":{"line":79,"column":40}},"type":"if","locations":[{"start":{"line":79,"column":2},"end":{"line":79,"column":40}},{"start":{},"end":{}}],"line":79},"11":{"loc":{"start":{"line":80,"column":2},"end":{"line":80,"column":37}},"type":"if","locations":[{"start":{"line":80,"column":2},"end":{"line":80,"column":37}},{"start":{},"end":{}}],"line":80},"12":{"loc":{"start":{"line":91,"column":2},"end":{"line":91,"column":74}},"type":"if","locations":[{"start":{"line":91,"column":2},"end":{"line":91,"column":74}},{"start":{},"end":{}}],"line":91},"13":{"loc":{"start":{"line":93,"column":2},"end":{"line":95,"column":3}},"type":"if","locations":[{"start":{"line":93,"column":2},"end":{"line":95,"column":3}},{"start":{},"end":{}}],"line":93},"14":{"loc":{"start":{"line":93,"column":6},"end":{"line":93,"column":85}},"type":"binary-expr","locations":[{"start":{"line":93,"column":6},"end":{"line":93,"column":56}},{"start":{"line":93,"column":60},"end":{"line":93,"column":85}}],"line":93}},"s":{"0":2,"1":2,"2":1,"3":1,"4":0,"5":1,"6":1,"7":1,"8":0,"9":1,"10":1,"11":1,"12":2,"13":0,"14":0,"15":0,"16":0,"17":0,"18":2,"19":1,"20":1,"21":2,"22":1,"23":1,"24":0,"25":1,"26":0,"27":1,"28":1,"29":0,"30":1,"31":1,"32":1,"33":0,"34":1,"35":1,"36":1,"37":2,"38":1,"39":1,"40":0,"41":1,"42":0,"43":1,"44":1,"45":1},"f":{"0":1,"1":0,"2":1,"3":1,"4":1},"b":{"0":[0,1],"1":[0,1],"2":[0],"3":[0],"4":[0],"5":[0,0],"6":[0,1],"7":[0,1],"8":[1,0],"9":[0,1],"10":[1,0],"11":[0,1],"12":[0,1],"13":[0,1],"14":[1,0]},"inputSourceMap":null,"_coverageSchema":"1a1c01bbd47fc00a2c39e90264f33305004495a9","hash":"4dd9a32fb2f8bfd6dafd7d828aeb946f6cee023d"}
,"D:\\My_learning\\Exaltt3\\college-review-backend\\src\\middleware\\authMiddleware.js": {"path":"D:\\My_learning\\Exaltt3\\college-review-backend\\src\\middleware\\authMiddleware.js","statementMap":{"0":{"start":{"line":5,"column":23},"end":{"line":24,"column":1}},"1":{"start":{"line":8,"column":2},"end":{"line":10,"column":3}},"2":{"start":{"line":9,"column":4},"end":{"line":9,"column":52}},"3":{"start":{"line":12,"column":2},"end":{"line":14,"column":3}},"4":{"start":{"line":13,"column":4},"end":{"line":13,"column":76}},"5":{"start":{"line":16,"column":2},"end":{"line":23,"column":3}},"6":{"start":{"line":17,"column":20},"end":{"line":17,"column":61}},"7":{"start":{"line":18,"column":4},"end":{"line":18,"column":67}},"8":{"start":{"line":19,"column":4},"end":{"line":19,"column":76}},"9":{"start":{"line":19,"column":19},"end":{"line":19,"column":76}},"10":{"start":{"line":20,"column":4},"end":{"line":20,"column":11}},"11":{"start":{"line":22,"column":4},"end":{"line":22,"column":76}},"12":{"start":{"line":27,"column":25},"end":{"line":34,"column":1}},"13":{"start":{"line":28,"column":2},"end":{"line":33,"column":4}},"14":{"start":{"line":29,"column":4},"end":{"line":31,"column":5}},"15":{"start":{"line":30,"column":6},"end":{"line":30,"column":73}},"16":{"start":{"line":32,"column":4},"end":{"line":32,"column":11}}},"fnMap":{"0":{"name":"(anonymous_0)","decl":{"start":{"line":5,"column":23},"end":{"line":5,"column":24}},"loc":{"start":{"line":5,"column":49},"end":{"line":24,"column":1}},"line":5},"1":{"name":"(anonymous_1)","decl":{"start":{"line":27,"column":25},"end":{"line":27,"column":26}},"loc":{"start":{"line":27,"column":39},"end":{"line":34,"column":1}},"line":27},"2":{"name":"(anonymous_2)","decl":{"start":{"line":28,"column":9},"end":{"line":28,"column":10}},"loc":{"start":{"line":28,"column":29},"end":{"line":33,"column":3}},"line":28}},"branchMap":{"0":{"loc":{"start":{"line":8,"column":2},"end":{"line":10,"column":3}},"type":"if","locations":[{"start":{"line":8,"column":2},"end":{"line":10,"column":3}},{"start":{},"end":{}}],"line":8},"1":{"loc":{"start":{"line":8,"column":6},"end":{"line":8,"column":81}},"type":"binary-expr","locations":[{"start":{"line":8,"column":6},"end":{"line":8,"column":31}},{"start":{"line":8,"column":35},"end":{"line":8,"column":81}}],"line":8},"2":{"loc":{"start":{"line":12,"column":2},"end":{"line":14,"column":3}},"type":"if","locations":[{"start":{"line":12,"column":2},"end":{"line":14,"column":3}},{"start":{},"end":{}}],"line":12},"3":{"loc":{"start":{"line":19,"column":4},"end":{"line":19,"column":76}},"type":"if","locations":[{"start":{"line":19,"column":4},"end":{"line":19,"column":76}},{"start":{},"end":{}}],"line":19},"4":{"loc":{"start":{"line":29,"column":4},"end":{"line":31,"column":5}},"type":"if","locations":[{"start":{"line":29,"column":4},"end":{"line":31,"column":5}},{"start":{},"end":{}}],"line":29}},"s":{"0":2,"1":3,"2":3,"3":3,"4":0,"5":3,"6":3,"7":3,"8":3,"9":0,"10":3,"11":0,"12":2,"13":6,"14":0,"15":0,"16":0},"f":{"0":3,"1":6,"2":0},"b":{"0":[3,0],"1":[3,3],"2":[0,3],"3":[0,3],"4":[0,0]},"inputSourceMap":null,"_coverageSchema":"1a1c01bbd47fc00a2c39e90264f33305004495a9","hash":"fcc905b7ba6f7af3108eee061c5c07757cc71788"}
,"D:\\My_learning\\Exaltt3\\college-review-backend\\src\\middleware\\errorMiddleware.js": {"path":"D:\\My_learning\\Exaltt3\\college-review-backend\\src\\middleware\\errorMiddleware.js","statementMap":{"0":{"start":{"line":1,"column":24},"end":{"line":5,"column":1}},"1":{"start":{"line":2,"column":16},"end":{"line":2,"column":59}},"2":{"start":{"line":3,"column":2},"end":{"line":3,"column":18}},"3":{"start":{"line":4,"column":2},"end":{"line":4,"column":14}},"4":{"start":{"line":7,"column":28},"end":{"line":14,"column":1}},"5":{"start":{"line":8,"column":21},"end":{"line":8,"column":66}},"6":{"start":{"line":9,"column":2},"end":{"line":9,"column":25}},"7":{"start":{"line":10,"column":2},"end":{"line":13,"column":5}}},"fnMap":{"0":{"name":"(anonymous_0)","decl":{"start":{"line":1,"column":24},"end":{"line":1,"column":25}},"loc":{"start":{"line":1,"column":44},"end":{"line":5,"column":1}},"line":1},"1":{"name":"(anonymous_1)","decl":{"start":{"line":7,"column":28},"end":{"line":7,"column":29}},"loc":{"start":{"line":7,"column":53},"end":{"line":14,"column":1}},"line":7}},"branchMap":{"0":{"loc":{"start":{"line":8,"column":21},"end":{"line":8,"column":66}},"type":"cond-expr","locations":[{"start":{"line":8,"column":46},"end":{"line":8,"column":49}},{"start":{"line":8,"column":52},"end":{"line":8,"column":66}}],"line":8},"1":{"loc":{"start":{"line":12,"column":11},"end":{"line":12,"column":67}},"type":"cond-expr","locations":[{"start":{"line":12,"column":51},"end":{"line":12,"column":55}},{"start":{"line":12,"column":58},"end":{"line":12,"column":67}}],"line":12}},"s":{"0":2,"1":0,"2":0,"3":0,"4":2,"5":0,"6":0,"7":0},"f":{"0":0,"1":0},"b":{"0":[0,0],"1":[0,0]},"inputSourceMap":null,"_coverageSchema":"1a1c01bbd47fc00a2c39e90264f33305004495a9","hash":"9c5da807f6c4e30eb9769cd1583a9cea9619fe27"}
,"D:\\My_learning\\Exaltt3\\college-review-backend\\src\\models\\collegeModel.js": {"path":"D:\\My_learning\\Exaltt3\\college-review-backend\\src\\models\\collegeModel.js","statementMap":{"0":{"start":{"line":3,"column":22},"end":{"line":29,"column":1}},"1":{"start":{"line":31,"column":16},"end":{"line":31,"column":56}}},"fnMap":{},"branchMap":{},"s":{"0":2,"1":2},"f":{},"b":{},"inputSourceMap":null,"_coverageSchema":"1a1c01bbd47fc00a2c39e90264f33305004495a9","hash":"c8c7a2afaa4ba063b4a936499968317a9ee75d84"}
,"D:\\My_learning\\Exaltt3\\college-review-backend\\src\\models\\reviewModel.js": {"path":"D:\\My_learning\\Exaltt3\\college-review-backend\\src\\models\\reviewModel.js","statementMap":{"0":{"start":{"line":3,"column":21},"end":{"line":33,"column":1}},"1":{"start":{"line":36,"column":0},"end":{"line":36,"column":62}},"2":{"start":{"line":38,"column":15},"end":{"line":38,"column":53}}},"fnMap":{},"branchMap":{},"s":{"0":2,"1":2,"2":2},"f":{},"b":{},"inputSourceMap":null,"_coverageSchema":"1a1c01bbd47fc00a2c39e90264f33305004495a9","hash":"e75a0540b3eea97a1f95348c2535ee4625aa0801"}
,"D:\\My_learning\\Exaltt3\\college-review-backend\\src\\models\\userModel.js": {"path":"D:\\My_learning\\Exaltt3\\college-review-backend\\src\\models\\userModel.js","statementMap":{"0":{"start":{"line":5,"column":19},"end":{"line":32,"column":1}},"1":{"start":{"line":35,"column":0},"end":{"line":40,"column":3}},"2":{"start":{"line":36,"column":2},"end":{"line":36,"column":50}},"3":{"start":{"line":36,"column":36},"end":{"line":36,"column":50}},"4":{"start":{"line":37,"column":15},"end":{"line":37,"column":39}},"5":{"start":{"line":38,"column":2},"end":{"line":38,"column":57}},"6":{"start":{"line":39,"column":2},"end":{"line":39,"column":9}},"7":{"start":{"line":43,"column":0},"end":{"line":45,"column":2}},"8":{"start":{"line":44,"column":2},"end":{"line":44,"column":62}},"9":{"start":{"line":48,"column":0},"end":{"line":54,"column":2}},"10":{"start":{"line":49,"column":2},"end":{"line":53,"column":4}},"11":{"start":{"line":56,"column":13},"end":{"line":56,"column":47}}},"fnMap":{"0":{"name":"(anonymous_0)","decl":{"start":{"line":35,"column":23},"end":{"line":35,"column":24}},"loc":{"start":{"line":35,"column":45},"end":{"line":40,"column":1}},"line":35},"1":{"name":"(anonymous_1)","decl":{"start":{"line":43,"column":35},"end":{"line":43,"column":36}},"loc":{"start":{"line":43,"column":68},"end":{"line":45,"column":1}},"line":43},"2":{"name":"(anonymous_2)","decl":{"start":{"line":48,"column":39},"end":{"line":48,"column":40}},"loc":{"start":{"line":48,"column":51},"end":{"line":54,"column":1}},"line":48}},"branchMap":{"0":{"loc":{"start":{"line":36,"column":2},"end":{"line":36,"column":50}},"type":"if","locations":[{"start":{"line":36,"column":2},"end":{"line":36,"column":50}},{"start":{},"end":{}}],"line":36},"1":{"loc":{"start":{"line":52,"column":17},"end":{"line":52,"column":51}},"type":"binary-expr","locations":[{"start":{"line":52,"column":17},"end":{"line":52,"column":43}},{"start":{"line":52,"column":47},"end":{"line":52,"column":51}}],"line":52}},"s":{"0":2,"1":2,"2":2,"3":0,"4":2,"5":2,"6":2,"7":2,"8":0,"9":2,"10":3,"11":2},"f":{"0":2,"1":0,"2":3},"b":{"0":[0,2],"1":[3,0]},"inputSourceMap":null,"_coverageSchema":"1a1c01bbd47fc00a2c39e90264f33305004495a9","hash":"07d3acd4fe5675ba15234cb495573bef1265adf2"}
,"D:\\My_learning\\Exaltt3\\college-review-backend\\src\\routes\\authRoutes.js": {"path":"D:\\My_learning\\Exaltt3\\college-review-backend\\src\\routes\\authRoutes.js","statementMap":{"0":{"start":{"line":4,"column":15},"end":{"line":4,"column":31}},"1":{"start":{"line":6,"column":0},"end":{"line":6,"column":39}},"2":{"start":{"line":7,"column":0},"end":{"line":7,"column":33}}},"fnMap":{},"branchMap":{},"s":{"0":2,"1":2,"2":2},"f":{},"b":{},"inputSourceMap":null,"_coverageSchema":"1a1c01bbd47fc00a2c39e90264f33305004495a9","hash":"af2923cd0315abe094bbcb3cabece88c698209b5"}
,"D:\\My_learning\\Exaltt3\\college-review-backend\\src\\routes\\collegeRoutes.js": {"path":"D:\\My_learning\\Exaltt3\\college-review-backend\\src\\routes\\collegeRoutes.js","statementMap":{"0":{"start":{"line":11,"column":15},"end":{"line":11,"column":31}},"1":{"start":{"line":13,"column":0},"end":{"line":16,"column":52}},"2":{"start":{"line":18,"column":0},"end":{"line":22,"column":54}}},"fnMap":{},"branchMap":{},"s":{"0":2,"1":2,"2":2},"f":{},"b":{},"inputSourceMap":null,"_coverageSchema":"1a1c01bbd47fc00a2c39e90264f33305004495a9","hash":"473582b38f7605159b2c0568a40697142a706dfb"}
,"D:\\My_learning\\Exaltt3\\college-review-backend\\src\\routes\\reviewRoutes.js": {"path":"D:\\My_learning\\Exaltt3\\college-review-backend\\src\\routes\\reviewRoutes.js","statementMap":{"0":{"start":{"line":11,"column":15},"end":{"line":11,"column":31}},"1":{"start":{"line":13,"column":0},"end":{"line":15,"column":31}},"2":{"start":{"line":17,"column":0},"end":{"line":18,"column":28}},"3":{"start":{"line":20,"column":0},"end":{"line":22,"column":33}}},"fnMap":{},"branchMap":{},"s":{"0":2,"1":2,"2":2,"3":2},"f":{},"b":{},"inputSourceMap":null,"_coverageSchema":"1a1c01bbd47fc00a2c39e90264f33305004495a9","hash":"23c56b73660c754511e03f4b728103c6dcafc6e6"}
,"D:\\My_learning\\Exaltt3\\college-review-backend\\src\\tests\\setupTestDB.js": {"path":"D:\\My_learning\\Exaltt3\\college-review-backend\\src\\tests\\setupTestDB.js","statementMap":{"0":{"start":{"line":4,"column":12},"end":{"line":4,"column":63}},"1":{"start":{"line":7,"column":0},"end":{"line":7,"column":16}},"2":{"start":{"line":9,"column":29},"end":{"line":15,"column":1}},"3":{"start":{"line":10,"column":14},"end":{"line":10,"column":87}},"4":{"start":{"line":11,"column":2},"end":{"line":14,"column":5}},"5":{"start":{"line":17,"column":32},"end":{"line":22,"column":1}},"6":{"start":{"line":18,"column":2},"end":{"line":21,"column":3}},"7":{"start":{"line":19,"column":4},"end":{"line":19,"column":45}},"8":{"start":{"line":20,"column":4},"end":{"line":20,"column":38}}},"fnMap":{"0":{"name":"(anonymous_0)","decl":{"start":{"line":9,"column":29},"end":{"line":9,"column":30}},"loc":{"start":{"line":9,"column":41},"end":{"line":15,"column":1}},"line":9},"1":{"name":"(anonymous_1)","decl":{"start":{"line":17,"column":32},"end":{"line":17,"column":33}},"loc":{"start":{"line":17,"column":44},"end":{"line":22,"column":1}},"line":17}},"branchMap":{"0":{"loc":{"start":{"line":4,"column":12},"end":{"line":4,"column":63}},"type":"binary-expr","locations":[{"start":{"line":4,"column":12},"end":{"line":4,"column":38}},{"start":{"line":4,"column":42},"end":{"line":4,"column":63}}],"line":4},"1":{"loc":{"start":{"line":10,"column":14},"end":{"line":10,"column":87}},"type":"binary-expr","locations":[{"start":{"line":10,"column":14},"end":{"line":10,"column":35}},{"start":{"line":10,"column":39},"end":{"line":10,"column":87}}],"line":10},"2":{"loc":{"start":{"line":18,"column":2},"end":{"line":21,"column":3}},"type":"if","locations":[{"start":{"line":18,"column":2},"end":{"line":21,"column":3}},{"start":{},"end":{}}],"line":18}},"s":{"0":2,"1":2,"2":2,"3":2,"4":2,"5":2,"6":2,"7":2,"8":2},"f":{"0":2,"1":2},"b":{"0":[2,2],"1":[2,0],"2":[2,0]},"inputSourceMap":null,"_coverageSchema":"1a1c01bbd47fc00a2c39e90264f33305004495a9","hash":"8088dd4d28defc13f40d68d44502f8d34ae59903"}
}
