TN:
SF:src\app.js
FNF:0
FNH:0
DA:10,2
DA:13,2
DA:14,2
DA:15,2
DA:16,2
DA:19,2
DA:20,2
DA:21,2
DA:24,2
DA:25,2
LF:10
LH:10
BRF:0
BRH:0
end_of_record
TN:
SF:src\controllers\authController.js
FN:20,(anonymous_0)
FN:48,(anonymous_1)
FNF:2
FNH:2
FNDA:2,(anonymous_0)
FNDA:1,(anonymous_1)
DA:7,2
DA:14,2
DA:20,2
DA:21,2
DA:22,2
DA:23,2
DA:25,2
DA:27,2
DA:28,2
DA:31,2
DA:32,2
DA:34,2
DA:36,2
DA:42,0
DA:43,0
DA:48,2
DA:49,1
DA:50,1
DA:51,1
DA:53,1
DA:55,1
DA:56,1
DA:59,1
DA:60,1
DA:62,1
DA:64,1
DA:70,0
DA:71,0
LF:28
LH:24
BRDA:23,0,0,0
BRDA:23,0,1,2
BRDA:28,1,0,0
BRDA:28,1,1,2
BRDA:51,2,0,0
BRDA:51,2,1,1
BRDA:56,3,0,0
BRDA:56,3,1,1
BRDA:60,4,0,0
BRDA:60,4,1,1
BRF:10
BRH:5
end_of_record
TN:
SF:src\controllers\collegeController.js
FN:13,(anonymous_0)
FN:26,(anonymous_1)
FN:32,(anonymous_2)
FN:39,(anonymous_3)
FN:53,(anonymous_4)
FN:64,(anonymous_5)
FNF:6
FNH:1
FNDA:0,(anonymous_0)
FNDA:0,(anonymous_1)
FNDA:0,(anonymous_2)
FNDA:0,(anonymous_3)
FNDA:0,(anonymous_4)
FNDA:3,(anonymous_5)
DA:6,2
DA:13,2
DA:14,0
DA:15,0
DA:17,0
DA:18,0
DA:19,0
DA:21,0
DA:22,0
DA:26,2
DA:27,0
DA:28,0
DA:32,2
DA:33,0
DA:34,0
DA:35,0
DA:39,2
DA:40,0
DA:41,0
DA:43,0
DA:48,0
DA:49,0
DA:53,2
DA:54,0
DA:55,0
DA:57,0
DA:58,0
DA:60,0
DA:64,2
DA:65,3
DA:76,3
DA:77,1
DA:82,2
LF:33
LH:11
BRDA:15,0,0,0
BRDA:15,0,1,0
BRDA:19,1,0,0
BRDA:19,1,1,0
BRDA:34,2,0,0
BRDA:34,2,1,0
BRDA:41,3,0,0
BRDA:41,3,1,0
BRDA:48,4,0,0
BRDA:48,4,1,0
BRDA:55,5,0,0
BRDA:55,5,1,0
BRDA:76,6,0,1
BRDA:76,6,1,2
BRF:14
BRH:2
end_of_record
TN:
SF:src\controllers\reviewController.js
FN:14,(anonymous_0)
FN:37,(anonymous_1)
FN:60,(anonymous_2)
FN:69,(anonymous_3)
FN:89,(anonymous_4)
FNF:5
FNH:4
FNDA:1,(anonymous_0)
FNDA:0,(anonymous_1)
FNDA:1,(anonymous_2)
FNDA:1,(anonymous_3)
FNDA:1,(anonymous_4)
DA:6,2
DA:14,2
DA:15,1
DA:16,1
DA:18,1
DA:20,1
DA:21,1
DA:23,1
DA:31,1
DA:33,1
DA:37,2
DA:38,0
DA:39,0
DA:43,0
DA:44,0
DA:51,0
DA:60,2
DA:61,1
DA:65,1
DA:69,2
DA:70,1
DA:71,1
DA:73,1
DA:74,0
DA:77,1
DA:78,1
DA:79,1
DA:80,1
DA:82,1
DA:83,1
DA:85,1
DA:89,2
DA:90,1
DA:91,1
DA:93,1
DA:94,0
DA:97,1
DA:98,1
DA:100,1
LF:39
LH:32
BRDA:16,0,0,0
BRDA:16,0,1,1
BRDA:21,1,0,0
BRDA:21,1,1,1
BRDA:38,2,0,0
BRDA:38,3,0,0
BRDA:38,4,0,0
BRDA:39,5,0,0
BRDA:39,5,1,0
BRDA:71,6,0,0
BRDA:71,6,1,1
BRDA:73,7,0,0
BRDA:73,7,1,1
BRDA:73,8,0,1
BRDA:73,8,1,0
BRDA:78,9,0,0
BRDA:78,9,1,1
BRDA:79,10,0,1
BRDA:79,10,1,0
BRDA:80,11,0,0
BRDA:80,11,1,1
BRDA:91,12,0,0
BRDA:91,12,1,1
BRDA:93,13,0,0
BRDA:93,13,1,1
BRDA:93,14,0,1
BRDA:93,14,1,0
BRF:27
BRH:11
end_of_record
TN:
SF:src\middleware\authMiddleware.js
FN:5,(anonymous_0)
FN:27,(anonymous_1)
FN:28,(anonymous_2)
FNF:3
FNH:2
FNDA:3,(anonymous_0)
FNDA:6,(anonymous_1)
FNDA:0,(anonymous_2)
DA:5,2
DA:8,3
DA:9,3
DA:12,3
DA:13,0
DA:16,3
DA:17,3
DA:18,3
DA:19,3
DA:20,3
DA:22,0
DA:27,2
DA:28,6
DA:29,0
DA:30,0
DA:32,0
LF:16
LH:11
BRDA:8,0,0,3
BRDA:8,0,1,0
BRDA:8,1,0,3
BRDA:8,1,1,3
BRDA:12,2,0,0
BRDA:12,2,1,3
BRDA:19,3,0,0
BRDA:19,3,1,3
BRDA:29,4,0,0
BRDA:29,4,1,0
BRF:10
BRH:5
end_of_record
TN:
SF:src\middleware\errorMiddleware.js
FN:1,(anonymous_0)
FN:7,(anonymous_1)
FNF:2
FNH:0
FNDA:0,(anonymous_0)
FNDA:0,(anonymous_1)
DA:1,2
DA:2,0
DA:3,0
DA:4,0
DA:7,2
DA:8,0
DA:9,0
DA:10,0
LF:8
LH:2
BRDA:8,0,0,0
BRDA:8,0,1,0
BRDA:12,1,0,0
BRDA:12,1,1,0
BRF:4
BRH:0
end_of_record
TN:
SF:src\models\collegeModel.js
FNF:0
FNH:0
DA:3,2
DA:31,2
LF:2
LH:2
BRF:0
BRH:0
end_of_record
TN:
SF:src\models\reviewModel.js
FNF:0
FNH:0
DA:3,2
DA:36,2
DA:38,2
LF:3
LH:3
BRF:0
BRH:0
end_of_record
TN:
SF:src\models\userModel.js
FN:35,(anonymous_0)
FN:43,(anonymous_1)
FN:48,(anonymous_2)
FNF:3
FNH:2
FNDA:2,(anonymous_0)
FNDA:0,(anonymous_1)
FNDA:3,(anonymous_2)
DA:5,2
DA:35,2
DA:36,2
DA:37,2
DA:38,2
DA:39,2
DA:43,2
DA:44,0
DA:48,2
DA:49,3
DA:56,2
LF:11
LH:10
BRDA:36,0,0,0
BRDA:36,0,1,2
BRDA:52,1,0,3
BRDA:52,1,1,0
BRF:4
BRH:2
end_of_record
TN:
SF:src\routes\authRoutes.js
FNF:0
FNH:0
DA:4,2
DA:6,2
DA:7,2
LF:3
LH:3
BRF:0
BRH:0
end_of_record
TN:
SF:src\routes\collegeRoutes.js
FNF:0
FNH:0
DA:11,2
DA:13,2
DA:18,2
LF:3
LH:3
BRF:0
BRH:0
end_of_record
TN:
SF:src\routes\reviewRoutes.js
FNF:0
FNH:0
DA:11,2
DA:13,2
DA:17,2
DA:20,2
LF:4
LH:4
BRF:0
BRH:0
end_of_record
TN:
SF:src\tests\setupTestDB.js
FN:9,(anonymous_0)
FN:17,(anonymous_1)
FNF:2
FNH:2
FNDA:2,(anonymous_0)
FNDA:2,(anonymous_1)
DA:4,2
DA:7,2
DA:9,2
DA:10,2
DA:11,2
DA:17,2
DA:18,2
DA:19,2
DA:20,2
LF:9
LH:9
BRDA:4,0,0,2
BRDA:4,0,1,2
BRDA:10,1,0,2
BRDA:10,1,1,0
BRDA:18,2,0,2
BRDA:18,2,1,0
BRF:6
BRH:4
end_of_record
